# JRE version: Java(TM) SE Runtime Environment (17.0.11+7) (build 17.0.11+7-LTS-207)
# Java VM: Java HotSpot(TM) 64-Bit Server VM (17.0.11+7-LTS-207, mixed mode, emulated-client, sharing, tiered, compressed oops, compressed class ptrs, g1 gc, windows-amd64)
GC Precious Log:
 CPUs: 8 total, 8 available
 Memory: 16228M
 Large Page Support: Disabled
 NUMA Support: Disabled
 Compressed Oops: Enabled (Zero based)
 Heap Region Size: 2M
 Heap Min Capacity: 8M
 Heap Initial Capacity: 254M
 Heap Max Capacity: 4058M
 Pre-touch: Disabled
 Parallel Workers: 8
 Concurrent Workers: 2
 Concurrent Refinement Workers: 8
 Periodic GC: Disabled
Heap:
 garbage-first heap   total 81920K, used 54207K [0x0000000702600000, 0x0000000800000000)
  region size 2048K, 16 young (32768K), 2 survivors (4096K)
 Metaspace       used 60812K, committed 61376K, reserved 1114112K
  class space    used 8601K, committed 8832K, reserved 1048576K
GC Heap History (20 events):
Event: 3087.288 GC heap before
{Heap before GC invocations=26 (full 6):
 garbage-first heap   total 81920K, used 61545K [0x0000000702600000, 0x0000000800000000)
  region size 2048K, 19 young (38912K), 0 survivors (0K)
 Metaspace       used 60261K, committed 60800K, reserved 1114112K
  class space    used 8547K, committed 8768K, reserved 1048576K
}
Event: 3087.290 GC heap after
{Heap after GC invocations=27 (full 6):
 garbage-first heap   total 81920K, used 25678K [0x0000000702600000, 0x0000000800000000)
  region size 2048K, 2 young (4096K), 2 survivors (4096K)
 Metaspace       used 60261K, committed 60800K, reserved 1114112K
  class space    used 8547K, committed 8768K, reserved 1048576K
}
Event: 3088.905 GC heap before
{Heap before GC invocations=27 (full 6):
 garbage-first heap   total 81920K, used 52302K [0x0000000702600000, 0x0000000800000000)
  region size 2048K, 16 young (32768K), 2 survivors (4096K)
 Metaspace       used 60384K, committed 60928K, reserved 1114112K
  class space    used 8557K, committed 8768K, reserved 1048576K
}
Event: 3088.975 GC heap after
{Heap after GC invocations=28 (full 7):
 garbage-first heap   total 81920K, used 22767K [0x0000000702600000, 0x0000000800000000)
  region size 2048K, 0 young (0K), 0 survivors (0K)
 Metaspace       used 60382K, committed 60928K, reserved 1114112K
  class space    used 8557K, committed 8768K, reserved 1048576K
}
Event: 3089.348 GC heap before
{Heap before GC invocations=28 (full 7):
 garbage-first heap   total 81920K, used 61679K [0x0000000702600000, 0x0000000800000000)
  region size 2048K, 19 young (38912K), 0 survivors (0K)
 Metaspace       used 60389K, committed 60928K, reserved 1114112K
  class space    used 8559K, committed 8768K, reserved 1048576K
}
Event: 3089.350 GC heap after
{Heap after GC invocations=29 (full 7):
 garbage-first heap   total 81920K, used 25951K [0x0000000702600000, 0x0000000800000000)
  region size 2048K, 2 young (4096K), 2 survivors (4096K)
 Metaspace       used 60389K, committed 60928K, reserved 1114112K
  class space    used 8559K, committed 8768K, reserved 1048576K
}
Event: 3155.438 GC heap before
{Heap before GC invocations=29 (full 7):
 garbage-first heap   total 81920K, used 52575K [0x0000000702600000, 0x0000000800000000)
  region size 2048K, 16 young (32768K), 2 survivors (4096K)
 Metaspace       used 60532K, committed 61056K, reserved 1114112K
  class space    used 8573K, committed 8768K, reserved 1048576K
}
Event: 3155.471 GC heap after
{Heap after GC invocations=30 (full 8):
 garbage-first heap   total 81920K, used 22929K [0x0000000702600000, 0x0000000800000000)
  region size 2048K, 0 young (0K), 0 survivors (0K)
 Metaspace       used 60529K, committed 61056K, reserved 1114112K
  class space    used 8573K, committed 8768K, reserved 1048576K
}
Event: 3155.812 GC heap before
{Heap before GC invocations=30 (full 8):
 garbage-first heap   total 81920K, used 61841K [0x0000000702600000, 0x0000000800000000)
  region size 2048K, 19 young (38912K), 0 survivors (0K)
 Metaspace       used 60567K, committed 61184K, reserved 1114112K
  class space    used 8580K, committed 8832K, reserved 1048576K
}
Event: 3155.814 GC heap after
{Heap after GC invocations=31 (full 8):
 garbage-first heap   total 81920K, used 26115K [0x0000000702600000, 0x0000000800000000)
  region size 2048K, 2 young (4096K), 2 survivors (4096K)
 Metaspace       used 60567K, committed 61184K, reserved 1114112K
  class space    used 8580K, committed 8832K, reserved 1048576K
}
Event: 3157.491 GC heap before
{Heap before GC invocations=31 (full 8):
 garbage-first heap   total 81920K, used 52739K [0x0000000702600000, 0x0000000800000000)
  region size 2048K, 16 young (32768K), 2 survivors (4096K)
 Metaspace       used 60697K, committed 61312K, reserved 1114112K
  class space    used 8592K, committed 8832K, reserved 1048576K
}
Event: 3157.524 GC heap after
{Heap after GC invocations=32 (full 9):
 garbage-first heap   total 81920K, used 22794K [0x0000000702600000, 0x0000000800000000)
  region size 2048K, 0 young (0K), 0 survivors (0K)
 Metaspace       used 60694K, committed 61312K, reserved 1114112K
  class space    used 8592K, committed 8832K, reserved 1048576K
}
Event: 3157.781 GC heap before
{Heap before GC invocations=32 (full 9):
 garbage-first heap   total 81920K, used 61706K [0x0000000702600000, 0x0000000800000000)
  region size 2048K, 19 young (38912K), 0 survivors (0K)
 Metaspace       used 60703K, committed 61312K, reserved 1114112K
  class space    used 8594K, committed 8832K, reserved 1048576K
}
Event: 3157.784 GC heap after
{Heap after GC invocations=33 (full 9):
 garbage-first heap   total 81920K, used 25983K [0x0000000702600000, 0x0000000800000000)
  region size 2048K, 2 young (4096K), 2 survivors (4096K)
 Metaspace       used 60703K, committed 61312K, reserved 1114112K
  class space    used 8594K, committed 8832K, reserved 1048576K
}
Event: 3724.862 GC heap before
{Heap before GC invocations=33 (full 9):
 garbage-first heap   total 81920K, used 60799K [0x0000000702600000, 0x0000000800000000)
  region size 2048K, 19 young (38912K), 2 survivors (4096K)
 Metaspace       used 60812K, committed 61376K, reserved 1114112K
  class space    used 8601K, committed 8832K, reserved 1048576K
}
Event: 3724.873 GC heap after
{Heap after GC invocations=34 (full 9):
 garbage-first heap   total 81920K, used 27179K [0x0000000702600000, 0x0000000800000000)
  region size 2048K, 3 young (6144K), 3 survivors (6144K)
 Metaspace       used 60812K, committed 61376K, reserved 1114112K
  class space    used 8601K, committed 8832K, reserved 1048576K
}
Event: 38096.950 GC heap before
{Heap before GC invocations=34 (full 9):
 garbage-first heap   total 81920K, used 59947K [0x0000000702600000, 0x0000000800000000)
  region size 2048K, 19 young (38912K), 3 survivors (6144K)
 Metaspace       used 60812K, committed 61376K, reserved 1114112K
  class space    used 8601K, committed 8832K, reserved 1048576K
}
Event: 38096.958 GC heap after
{Heap after GC invocations=35 (full 9):
 garbage-first heap   total 81920K, used 27416K [0x0000000702600000, 0x0000000800000000)
  region size 2048K, 2 young (4096K), 2 survivors (4096K)
 Metaspace       used 60812K, committed 61376K, reserved 1114112K
  class space    used 8601K, committed 8832K, reserved 1048576K
}
Event: 40072.756 GC heap before
{Heap before GC invocations=35 (full 9):
 garbage-first heap   total 81920K, used 62232K [0x0000000702600000, 0x0000000800000000)
  region size 2048K, 19 young (38912K), 2 survivors (4096K)
 Metaspace       used 60812K, committed 61376K, reserved 1114112K
  class space    used 8601K, committed 8832K, reserved 1048576K
}
Event: 40072.763 GC heap after
{Heap after GC invocations=36 (full 9):
 garbage-first heap   total 81920K, used 27583K [0x0000000702600000, 0x0000000800000000)
  region size 2048K, 2 young (4096K), 2 survivors (4096K)
 Metaspace       used 60812K, committed 61376K, reserved 1114112K
  class space    used 8601K, committed 8832K, reserved 1048576K
}

